<?xml version="1.0" encoding="UTF-8"?>
<testng-results ignored="0" total="1" passed="1" failed="0" skipped="0">
  <reporter-output>
  </reporter-output>
  <suite started-at="2023-06-26T22:31:12 IST" name="Default suite" finished-at="2023-06-26T22:31:12 IST" duration-ms="43">
    <groups>
    </groups>
    <test started-at="2023-06-26T22:31:12 IST" name="Default test" finished-at="2023-06-26T22:31:12 IST" duration-ms="43">
      <class name="test_ng_sample_programs.SoftAssert_Program">
        <test-method signature="softAssertionContainsComparison()[pri:0, instance:test_ng_sample_programs.SoftAssert_Program@4386f16]" started-at="2023-06-26T22:31:12 IST" name="softAssertionContainsComparison" finished-at="2023-06-26T22:31:12 IST" duration-ms="12" status="PASS">
          <reporter-output>
          </reporter-output>
        </test-method> <!-- softAssertionContainsComparison -->
      </class> <!-- test_ng_sample_programs.SoftAssert_Program -->
    </test> <!-- Default test -->
  </suite> <!-- Default suite -->
</testng-results>
