<?xml version="1.0" encoding="UTF-8"?>
<!-- Generated by org.testng.reporters.JUnitXMLReporter -->
<testsuite ignored="5" hostname="LAPTOP-3LRATIM9" failures="0" tests="2" name="Test" time="30.839" errors="0" timestamp="2023-05-03T18:06:21 IST">
  <testcase classname="testcase_repo.Tc_02" name="createUser" time="9.787"/>
  <testcase classname="testcase_repo.Tc_03" name="performReports" time="0.003"/>
  <testcase classname="testcase_repo.Tc_01" name="createTask" time="0.0">
    <ignored/>
  </testcase> <!-- createTask -->
  <testcase classname="generic_uitlity.Base_Class" name="@BeforeSuite establishDbConnection" time="0.0">
    <ignored/>
  </testcase> <!-- @BeforeSuite establishDbConnection -->
  <testcase classname="generic_uitlity.Base_Class" name="@BeforeSuite establishDbConnection" time="0.0">
    <ignored/>
  </testcase> <!-- @BeforeSuite establishDbConnection -->
  <testcase classname="generic_uitlity.Base_Class" name="@AfterSuite closeDbConnection" time="0.0">
    <ignored/>
  </testcase> <!-- @AfterSuite closeDbConnection -->
  <testcase classname="generic_uitlity.Base_Class" name="@AfterSuite closeDbConnection" time="0.0">
    <ignored/>
  </testcase> <!-- @AfterSuite closeDbConnection -->
</testsuite> <!-- Test -->
