<?xml version="1.0" encoding="UTF-8"?>
<!-- Generated by org.testng.reporters.JUnitXMLReporter -->
<testsuite ignored="2" hostname="LAPTOP-3LRATIM9" failures="0" tests="2" name="Test2" time="125.509" errors="0" timestamp="2023-05-02T23:12:10 IST">
  <testcase classname="testcase_repo_cross_browser.Tc_01" name="createTask" time="24.072"/>
  <testcase classname="testcase_repo_cross_browser.Tc_02" name="createUser" time="27.48"/>
  <testcase classname="generic_uitlity.Base_Class_Cross_Browser" name="@AfterSuite closeDbConnection" time="0.0">
    <ignored/>
  </testcase> <!-- @AfterSuite closeDbConnection -->
  <testcase classname="generic_uitlity.Base_Class_Cross_Browser" name="@BeforeSuite establishDbConnection" time="0.0">
    <ignored/>
  </testcase> <!-- @BeforeSuite establishDbConnection -->
</testsuite> <!-- Test2 -->
